<?xml version="1.0" encoding="UTF-8"?>
<!-- Generated by org.testng.reporters.JUnitReportReporter -->
<testsuite skipped="0" hostname="bttry-PC" name="com.mycompany.maven.MavenProject.SaleOrder" tests="5" failures="0" timestamp="05 Apr 2018 09:51:33 GMT" time="151.597" errors="0">
  <testcase name="generateOrder" time="27.012" classname="com.mycompany.maven.MavenProject.SaleOrder"/>
  <testcase name="generateOrder" time="25.826" classname="com.mycompany.maven.MavenProject.SaleOrder"/>
  <testcase name="generateOrder" time="32.722" classname="com.mycompany.maven.MavenProject.SaleOrder"/>
  <testcase name="generateOrder" time="27.473" classname="com.mycompany.maven.MavenProject.SaleOrder"/>
  <testcase name="generateOrder" time="38.564" classname="com.mycompany.maven.MavenProject.SaleOrder"/>
</testsuite> <!-- com.mycompany.maven.MavenProject.SaleOrder -->
