<?xml version="1.0" encoding="UTF-8"?>
<!-- Generated by org.testng.reporters.JUnitReportReporter -->
<testsuite skipped="0" hostname="bttry-PC" name="com.mycompany.maven.MavenProject.HomePage" tests="1" failures="0" timestamp="03 Apr 2018 10:29:21 GMT" time="105.850" errors="0">
  <testcase name="applicationURL" time="105.850" classname="com.mycompany.maven.MavenProject.HomePage"/>
</testsuite> <!-- com.mycompany.maven.MavenProject.HomePage -->
