<?xml version="1.0" encoding="UTF-8"?>
<!-- Generated by org.testng.reporters.JUnitReportReporter -->
<testsuite skipped="0" hostname="bttry-PC" name="com.gcs.frontend.common.ExcelDriven" tests="1" failures="0" timestamp="04 Apr 2018 17:44:09 GMT" time="0.854" errors="0">
  <testcase name="getData" time="0.854" classname="com.gcs.frontend.common.ExcelDriven"/>
</testsuite> <!-- com.gcs.frontend.common.ExcelDriven -->
