<?xml version="1.0" encoding="UTF-8"?>
<!-- Generated by org.testng.reporters.JUnitReportReporter -->
<testsuite skipped="0" hostname="bttry-PC" name="com.mycompany.maven.MavenProject.Login" tests="1" failures="0" timestamp="04 Apr 2018 21:43:51 GMT" time="18.944" errors="0">
  <testcase name="login" time="18.944" classname="com.mycompany.maven.MavenProject.Login"/>
</testsuite> <!-- com.mycompany.maven.MavenProject.Login -->
